Oct 17 08:17:16 Updated: libgcc-4.8.5-28.el7_5.1.x86_64
Oct 17 08:17:26 Updated: glibc-common-2.17-222.el7.x86_64
Oct 17 08:17:29 Updated: glibc-2.17-222.el7.x86_64
Oct 17 08:17:29 Installed: libmpc-1.0.1-3.el7.x86_64
Oct 17 08:17:32 Installed: cpp-4.8.5-28.el7_5.1.x86_64
Oct 17 08:17:32 Updated: libgomp-4.8.5-28.el7_5.1.x86_64
Oct 17 08:17:34 Installed: kernel-headers-3.10.0-862.14.4.el7.x86_64
Oct 17 08:17:35 Installed: glibc-headers-2.17-222.el7.x86_64
Oct 17 08:17:36 Installed: glibc-devel-2.17-222.el7.x86_64
Oct 17 08:17:40 Installed: gcc-4.8.5-28.el7_5.1.x86_64
Oct 23 01:02:46 Installed: m4-1.4.16-10.el7.x86_64
Oct 23 01:02:46 Installed: bison-3.0.4-1.el7.x86_64
Oct 23 01:03:26 Installed: flex-2.5.37-3.el7.x86_64
Oct 23 01:09:25 Updated: elfutils-libelf-0.170-4.el7.x86_64
Oct 23 01:09:25 Installed: elfutils-default-yama-scope-0.170-4.el7.noarch
Oct 23 01:09:25 Updated: elfutils-libs-0.170-4.el7.x86_64
Oct 23 01:09:25 Updated: elfutils-0.170-4.el7.x86_64
Oct 23 01:10:19 Installed: zlib-devel-1.2.7-17.el7.x86_64
Oct 23 01:10:19 Installed: elfutils-libelf-devel-0.170-4.el7.x86_64
Oct 23 01:12:51 Updated: libcom_err-1.42.9-12.el7_5.x86_64
Oct 23 01:12:51 Updated: libsepol-2.5-8.1.el7.x86_64
Oct 23 01:12:51 Updated: libselinux-2.5-12.el7.x86_64
Oct 23 01:12:52 Updated: 1:openssl-libs-1.0.2k-12.el7.x86_64
Oct 23 01:12:52 Updated: krb5-libs-1.15.1-19.el7.x86_64
Oct 23 01:12:52 Updated: libkadm5-1.15.1-19.el7.x86_64
Oct 23 01:12:52 Updated: libss-1.42.9-12.el7_5.x86_64
Oct 23 01:12:52 Installed: libsepol-devel-2.5-8.1.el7.x86_64
Oct 23 01:12:53 Installed: libselinux-devel-2.5-12.el7.x86_64
Oct 23 01:12:53 Installed: libcom_err-devel-1.42.9-12.el7_5.x86_64
Oct 23 01:12:53 Updated: e2fsprogs-libs-1.42.9-12.el7_5.x86_64
Oct 23 01:12:53 Installed: libverto-devel-0.2.5-4.el7.x86_64
Oct 23 01:12:53 Installed: keyutils-libs-devel-1.5.8-3.el7.x86_64
Oct 23 01:12:53 Installed: krb5-devel-1.15.1-19.el7.x86_64
Oct 23 01:12:54 Installed: 1:openssl-devel-1.0.2k-12.el7.x86_64
Oct 23 01:12:54 Updated: e2fsprogs-1.42.9-12.el7_5.x86_64
Oct 23 01:12:55 Updated: krb5-workstation-1.15.1-19.el7.x86_64
Oct 23 01:12:55 Updated: 1:openssl-1.0.2k-12.el7.x86_64
Oct 23 01:12:55 Updated: libselinux-utils-2.5-12.el7.x86_64
Oct 23 01:12:55 Updated: libselinux-python-2.5-12.el7.x86_64
